<?xml version="1.0" encoding="UTF-8"?>
<!-- Generated by org.testng.reporters.JUnitReportReporter -->
<testsuite hostname="RHJ-9F-D079" name="com.test.TestClass" tests="1" failures="1" timestamp="12 Aug 2015 14:24:09 GMT" time="0.001" errors="0">
  <testcase name="doSauceAction" time="0.001" classname="com.test.TestClass">
    <failure type="java.lang.AssertionError" message="command:FrameworkAPI Object Initialization||description:Thrown an error : org.openqa.selenium.UnsupportedCommandException: ERROR Job is not in progress
Command duration or timeout: 246.42 seconds
Build info: version: &#039;2.45.0&#039;, revision: &#039;32a636c&#039;, time: &#039;2015-03-05 22:01:35&#039;
System info: host: &#039;RHJ-9F-D079&#039;, ip: &#039;10.11.34.95&#039;, os.name: &#039;Windows 7&#039;, os.arch: &#039;amd64&#039;, os.version: &#039;6.1&#039;, java.version: &#039;1.7.0&#039;
Driver info: io.appium.java_client.android.AndroidDriver||Fail">
      <![CDATA[java.lang.AssertionError: command:FrameworkAPI Object Initialization||description:Thrown an error : org.openqa.selenium.UnsupportedCommandException: ERROR Job is not in progress
Command duration or timeout: 246.42 seconds
Build info: version: '2.45.0', revision: '32a636c', time: '2015-03-05 22:01:35'
System info: host: 'RHJ-9F-D079', ip: '10.11.34.95', os.name: 'Windows 7', os.arch: 'amd64', os.version: '6.1', java.version: '1.7.0'
Driver info: io.appium.java_client.android.AndroidDriver||Fail
	at com.thoughtworks.selenium.SeleneseTestBase.fail(SeleneseTestBase.java:393)
	at com.prolifics.FrameworkAPI.reportStepDtlsWithScreenshot(FrameworkAPI.java:393)
	at com.prolifics.FrameworkAPI.invokeAppInSauce(FrameworkAPI.java:321)
	at com.prolifics.FrameworkAPI.<init>(FrameworkAPI.java:203)
	at com.prolifics.MobileAppDriver.<init>(MobileAppDriver.java:37)
	at com.core.MobileEngine.setUp(MobileEngine.java:66)
	at sun.reflect.NativeMethodAccessorImpl.invoke0(Native Method)
	at sun.reflect.NativeMethodAccessorImpl.invoke(NativeMethodAccessorImpl.java:57)
	at sun.reflect.DelegatingMethodAccessorImpl.invoke(DelegatingMethodAccessorImpl.java:43)
	at java.lang.reflect.Method.invoke(Method.java:601)
	at org.testng.internal.MethodInvocationHelper.invokeMethod(MethodInvocationHelper.java:84)
	at org.testng.internal.Invoker.invokeConfigurationMethod(Invoker.java:564)
	at org.testng.internal.Invoker.invokeConfigurations(Invoker.java:213)
	at org.testng.internal.Invoker.invokeConfigurations(Invoker.java:138)
	at org.testng.SuiteRunner.privateRun(SuiteRunner.java:277)
	at org.testng.SuiteRunner.run(SuiteRunner.java:240)
	at org.testng.SuiteRunnerWorker.runSuite(SuiteRunnerWorker.java:52)
	at org.testng.SuiteRunnerWorker.run(SuiteRunnerWorker.java:86)
	at org.testng.TestNG.runSuitesSequentially(TestNG.java:1224)
	at org.testng.TestNG.runSuitesLocally(TestNG.java:1149)
	at org.testng.TestNG.run(TestNG.java:1057)
	at org.testng.remote.RemoteTestNG.run(RemoteTestNG.java:111)
	at org.testng.remote.RemoteTestNG.initAndRun(RemoteTestNG.java:204)
	at org.testng.remote.RemoteTestNG.main(RemoteTestNG.java:175)
]]>
    </failure>
  </testcase> <!-- doSauceAction -->
</testsuite> <!-- com.test.TestClass -->
